2025-02-27 14:20:36,704 [INFO] Activator:176 - 


2025-02-27 14:20:36,707 [INFO] Activator:177 - !SESSION log4j initialized
2025-02-27 14:20:37,896 [ERROR] LogOutputStream:75 - [STDERR_REDIRECT] 
2025-02-27 14:20:39,520 [INFO] LogOutputStream:77 - [STDOUT_REDIRECT] 
2025-02-27 14:20:41,563 [INFO] ApplicationProperties:184 - Using Application install path: /Applications/STM32CubeIDE.app/Contents/Eclipse/plugins/com.st.stm32cube.common.mx_6.13.0.202411220809
2025-02-27 14:20:41,578 [INFO] DbMcusXml:78 - Set database path to: /Applications/STM32CubeIDE.app/Contents/Eclipse/plugins/com.st.stm32cube.common.mx_6.13.0.202411220809//db//mcu/
2025-02-27 14:20:41,578 [INFO] ApiDb:274 - Set plugin database path to: /Applications/STM32CubeIDE.app/Contents/Eclipse/plugins/com.st.stm32cube.common.mx_6.13.0.202411220809//db//plugins/boardmanager/
2025-02-27 14:20:41,578 [WARN] ApiDb:259 - Overriding images path with different value:  => /Applications/STM32CubeIDE.app/Contents/Eclipse/plugins/com.st.stm32cube.common.mx_6.13.0.202411220809//db//plugins/mcufinder/images/
2025-02-27 14:20:41,583 [INFO] ApiDb:250 - Set database path to: /Users/dhruvsusheelkar/.stmcufinder/plugins/mcufinder//mcu/
2025-02-27 14:20:41,584 [INFO] DbMcusAds:125 - Set database path to: /Users/dhruvsusheelkar/.stmcufinder/plugins/mcufinder//mcu/
2025-02-27 14:20:41,585 [INFO] CrossReferenceDbSqlite:203 - Set database path to: /Users/dhruvsusheelkar/.stmcufinder/plugins/mcufinder//mcu/cs/
2025-02-27 14:20:41,751 [INFO] RulesReader:64 - Compatibility file has been processed (297 Rules)
2025-02-27 14:20:41,835 [INFO] DbMcusXml:78 - Set database path to: /Applications/STM32CubeIDE.app/Contents/Eclipse/plugins/com.st.stm32cube.common.mx_6.13.0.202411220809//db//mcu/
2025-02-27 14:20:41,836 [INFO] ApiDb:274 - Set plugin database path to: /Applications/STM32CubeIDE.app/Contents/Eclipse/plugins/com.st.stm32cube.common.mx_6.13.0.202411220809//db//plugins/boardmanager/
2025-02-27 14:20:41,836 [INFO] ApiDb:261 - Set plugin images path to: /Applications/STM32CubeIDE.app/Contents/Eclipse/plugins/com.st.stm32cube.common.mx_6.13.0.202411220809//db//plugins/mcufinder/images/
2025-02-27 14:20:41,836 [WARN] DbFile:41 - Overriding database path with different value: /Users/dhruvsusheelkar/.stmcufinder/plugins/mcufinder/ => /Users/dhruvsusheelkar/.stmcufinder/plugins/mcufinder
2025-02-27 14:20:41,837 [INFO] ApiDb:250 - Set database path to: /Users/dhruvsusheelkar/.stmcufinder/plugins/mcufinder//mcu/
2025-02-27 14:20:41,837 [WARN] DbFile:41 - Overriding database path with different value: /Users/dhruvsusheelkar/.stmcufinder/plugins/mcufinder/ => /Users/dhruvsusheelkar/.stmcufinder/plugins/mcufinder
2025-02-27 14:20:41,837 [INFO] DbMcusAds:125 - Set database path to: /Users/dhruvsusheelkar/.stmcufinder/plugins/mcufinder//mcu/
2025-02-27 14:20:41,837 [WARN] DbFile:41 - Overriding database path with different value: /Users/dhruvsusheelkar/.stmcufinder/plugins/mcufinder/ => /Users/dhruvsusheelkar/.stmcufinder/plugins/mcufinder
2025-02-27 14:20:41,837 [WARN] DbFile:41 - Overriding database path with different value: /Users/dhruvsusheelkar/.stmcufinder/plugins/mcufinder/ => /Users/dhruvsusheelkar/.stmcufinder/plugins/mcufinder
2025-02-27 14:20:41,837 [INFO] CrossReferenceDbSqlite:203 - Set database path to: /Users/dhruvsusheelkar/.stmcufinder/plugins/mcufinder//mcu/cs/
2025-02-27 14:20:41,911 [INFO] MainPanel:272 - HeapMemory: 279969792
2025-02-27 14:20:42,341 [INFO] DbMcusXml:78 - Set database path to: /Applications/STM32CubeIDE.app/Contents/Eclipse/plugins/com.st.stm32cube.common.mx_6.13.0.202411220809//db//mcu/
2025-02-27 14:20:42,341 [INFO] ApiDb:274 - Set plugin database path to: /Applications/STM32CubeIDE.app/Contents/Eclipse/plugins/com.st.stm32cube.common.mx_6.13.0.202411220809//db//plugins/boardmanager/
2025-02-27 14:20:42,341 [INFO] ApiDb:261 - Set plugin images path to: /Applications/STM32CubeIDE.app/Contents/Eclipse/plugins/com.st.stm32cube.common.mx_6.13.0.202411220809//db//plugins/mcufinder/images/
2025-02-27 14:20:42,341 [WARN] DbFile:41 - Overriding database path with different value: /Users/dhruvsusheelkar/.stmcufinder/plugins/mcufinder/ => /Users/dhruvsusheelkar/.stmcufinder/plugins/mcufinder
2025-02-27 14:20:42,341 [INFO] ApiDb:250 - Set database path to: /Users/dhruvsusheelkar/.stmcufinder/plugins/mcufinder//mcu/
2025-02-27 14:20:42,341 [WARN] DbFile:41 - Overriding database path with different value: /Users/dhruvsusheelkar/.stmcufinder/plugins/mcufinder/ => /Users/dhruvsusheelkar/.stmcufinder/plugins/mcufinder
2025-02-27 14:20:42,342 [INFO] DbMcusAds:125 - Set database path to: /Users/dhruvsusheelkar/.stmcufinder/plugins/mcufinder//mcu/
2025-02-27 14:20:42,342 [WARN] DbFile:41 - Overriding database path with different value: /Users/dhruvsusheelkar/.stmcufinder/plugins/mcufinder/ => /Users/dhruvsusheelkar/.stmcufinder/plugins/mcufinder
2025-02-27 14:20:42,342 [WARN] DbFile:41 - Overriding database path with different value: /Users/dhruvsusheelkar/.stmcufinder/plugins/mcufinder/ => /Users/dhruvsusheelkar/.stmcufinder/plugins/mcufinder
2025-02-27 14:20:42,342 [INFO] CrossReferenceDbSqlite:203 - Set database path to: /Users/dhruvsusheelkar/.stmcufinder/plugins/mcufinder//mcu/cs/
2025-02-27 14:20:42,360 [INFO] ApplicationProperties:184 - Using Application install path: /Applications/STM32CubeIDE.app/Contents/Eclipse/plugins/com.st.stm32cube.common.mx_6.13.0.202411220809
2025-02-27 14:20:42,361 [INFO] PluginManage:196 - Search for loadable plugins [exclusion list=, ]
2025-02-27 14:20:42,362 [INFO] PluginManage:310 - Check plugin analytics
2025-02-27 14:20:42,565 [INFO] AnalyticsPlugin:253 - Accepted Software Licenses: 
2025-02-27 14:20:42,566 [INFO] AnalyticsPlugin:255 - Accepted CMSIS Pack Licenses: 
2025-02-27 14:20:42,566 [INFO] AnalyticsPlugin:257 - Accepted Firmware Licenses: 
2025-02-27 14:20:42,578 [INFO] PluginManage:359 - Loaded plugin analytics (category:tool,tabindex:-1)
2025-02-27 14:20:42,579 [INFO] PluginManage:310 - Check plugin cadmodel
2025-02-27 14:20:42,591 [INFO] CADModel:105 - Init CAD model plugin
2025-02-27 14:20:42,592 [INFO] PluginManage:359 - Loaded plugin cadmodel (category:power,tabindex:5)
2025-02-27 14:20:42,592 [INFO] PluginManage:310 - Check plugin clock
2025-02-27 14:20:42,602 [INFO] PluginManage:359 - Loaded plugin clock (category:base,tabindex:2)
2025-02-27 14:20:42,602 [INFO] PluginManage:310 - Check plugin ddr
2025-02-27 14:20:42,604 [INFO] PluginManage:359 - Loaded plugin ddr (category:tool,tabindex:6)
2025-02-27 14:20:42,604 [INFO] PluginManage:310 - Check plugin filemanager
2025-02-27 14:20:42,762 [INFO] PluginManage:359 - Loaded plugin filemanager (category:base,tabindex:10)
2025-02-27 14:20:42,762 [INFO] PluginManage:310 - Check plugin ipmanager
2025-02-27 14:20:42,772 [INFO] PluginManage:359 - Loaded plugin ipmanager (category:base,tabindex:5)
2025-02-27 14:20:42,772 [INFO] PluginManage:310 - Check plugin lpbam
2025-02-27 14:20:42,782 [INFO] PluginManage:359 - Loaded plugin lpbam (category:base,tabindex:0)
2025-02-27 14:20:42,782 [INFO] PluginManage:310 - Check plugin memorymap
2025-02-27 14:20:42,794 [INFO] PluginManage:359 - Loaded plugin memorymap (category:base,tabindex:4)
2025-02-27 14:20:42,794 [INFO] PluginManage:310 - Check plugin pinoutandconfiguration
2025-02-27 14:20:42,832 [INFO] PluginManage:359 - Loaded plugin pinoutandconfiguration (category:base,tabindex:1)
2025-02-27 14:20:42,833 [INFO] PluginManage:310 - Check plugin pinoutconfig
2025-02-27 14:20:43,204 [WARN] SupportedApi:132 - Cannot load RTOS API schema: s4s-elt-must-match.1: The content of 'definitions' must match (annotation?, (simpleType | complexType)?, (unique | key | keyref)*)). A problem was found starting at: attribute.
2025-02-27 14:20:43,558 [INFO] PluginManage:359 - Loaded plugin pinoutconfig (category:base,tabindex:0)
2025-02-27 14:20:43,561 [INFO] PluginManage:310 - Check plugin power
2025-02-27 14:20:43,608 [INFO] PluginManage:359 - Loaded plugin power (category:power,tabindex:4)
2025-02-27 14:20:43,610 [INFO] PluginManage:310 - Check plugin projectmanager
2025-02-27 14:20:43,666 [INFO] PluginManage:359 - Loaded plugin projectmanager (category:projectmanager,tabindex:4)
2025-02-27 14:20:43,666 [INFO] PluginManage:310 - Check plugin rif
2025-02-27 14:20:43,672 [INFO] PluginManage:359 - Loaded plugin rif (category:base,tabindex:3)
2025-02-27 14:20:43,673 [INFO] PluginManage:310 - Check plugin thirdparty
2025-02-27 14:20:43,851 [INFO] PluginManage:359 - Loaded plugin thirdparty (category:base,tabindex:-1)
2025-02-27 14:20:43,851 [INFO] PluginManage:310 - Check plugin tools
2025-02-27 14:20:43,855 [INFO] PluginManage:359 - Loaded plugin tools (category:base,tabindex:7)
2025-02-27 14:20:43,851 [WARN] IntegrityCheckThread:84 - waiting for thirdparty lock release [integrity check]
2025-02-27 14:20:43,855 [INFO] PluginManage:310 - Check plugin tutovideos
2025-02-27 14:20:43,855 [INFO] IntegrityCheckThread:86 - entering critical section [integrity check]
2025-02-27 14:20:43,857 [INFO] ThirdPartyUpdaterWithRetryManager:70 - Updater plugin not ready yet. [1/15]
2025-02-27 14:20:44,064 [INFO] PluginManage:359 - Loaded plugin tutovideos (category:base,tabindex:-1)
2025-02-27 14:20:44,065 [INFO] PluginManage:310 - Check plugin updater
2025-02-27 14:20:44,109 [INFO] PluginManage:359 - Loaded plugin updater (category:base,tabindex:12)
2025-02-27 14:20:44,109 [INFO] PluginManage:310 - Check plugin userauth
2025-02-27 14:20:44,114 [INFO] UserAuth:118 - Init User Auth plugin
2025-02-27 14:20:44,116 [INFO] PluginManage:359 - Loaded plugin userauth (category:base,tabindex:14)
2025-02-27 14:20:44,117 [INFO] PluginManage:283 - PluginManage : Loaded plugins [18]
2025-02-27 14:20:44,387 [INFO] PinOutPanel:1589 - setPackage(No Configuration,No Configuration)
2025-02-27 14:20:44,461 [INFO] CADModel:165 - CPN selected for project level
2025-02-27 14:20:44,461 [INFO] CADModel:114 - Register for checkConnection events
2025-02-27 14:20:44,473 [INFO] IPUIPlugin:80 - create IPUIPlugin
2025-02-27 14:20:44,474 [INFO] PluginManager:220 - loadIPPluginJar : add mdma
2025-02-27 14:20:44,481 [INFO] IPUIPlugin:80 - create IPUIPlugin
2025-02-27 14:20:44,481 [INFO] PluginManager:220 - loadIPPluginJar : add freertos
2025-02-27 14:20:44,485 [INFO] IPUIPlugin:80 - create IPUIPlugin
2025-02-27 14:20:44,485 [INFO] PluginManager:220 - loadIPPluginJar : add gic
2025-02-27 14:20:44,492 [INFO] IPUIPlugin:80 - create IPUIPlugin
2025-02-27 14:20:44,493 [INFO] PluginManager:220 - loadIPPluginJar : add adc
2025-02-27 14:20:44,495 [INFO] IPUIPlugin:80 - create IPUIPlugin
2025-02-27 14:20:44,496 [INFO] PluginManager:220 - loadIPPluginJar : add gtzc
2025-02-27 14:20:44,497 [INFO] IPUIPlugin:80 - create IPUIPlugin
2025-02-27 14:20:44,497 [INFO] PluginManager:220 - loadIPPluginJar : add quadspi
2025-02-27 14:20:44,498 [INFO] IPUIPlugin:80 - create IPUIPlugin
2025-02-27 14:20:44,498 [INFO] PluginManager:220 - loadIPPluginJar : add aes
2025-02-27 14:20:44,500 [INFO] IPUIPlugin:80 - create IPUIPlugin
2025-02-27 14:20:44,500 [INFO] PluginManager:220 - loadIPPluginJar : add pdm2pcm
2025-02-27 14:20:44,501 [INFO] IPUIPlugin:80 - create IPUIPlugin
2025-02-27 14:20:44,501 [INFO] PluginManager:220 - loadIPPluginJar : add hash
2025-02-27 14:20:44,502 [INFO] IPUIPlugin:80 - create IPUIPlugin
2025-02-27 14:20:44,503 [INFO] PluginManager:220 - loadIPPluginJar : add tim
2025-02-27 14:20:44,504 [INFO] IPUIPlugin:80 - create IPUIPlugin
2025-02-27 14:20:44,504 [INFO] PluginManager:220 - loadIPPluginJar : add tsc
2025-02-27 14:20:44,506 [INFO] IPUIPlugin:80 - create IPUIPlugin
2025-02-27 14:20:44,506 [INFO] PluginManager:220 - loadIPPluginJar : add extmemmanager
2025-02-27 14:20:44,508 [INFO] IPUIPlugin:80 - create IPUIPlugin
2025-02-27 14:20:44,508 [INFO] PluginManager:220 - loadIPPluginJar : add ts
2025-02-27 14:20:44,510 [INFO] IPUIPlugin:80 - create IPUIPlugin
2025-02-27 14:20:44,511 [INFO] PluginManager:220 - loadIPPluginJar : add radio
2025-02-27 14:20:44,513 [INFO] IPUIPlugin:80 - create IPUIPlugin
2025-02-27 14:20:44,513 [INFO] PluginManager:220 - loadIPPluginJar : add can
2025-02-27 14:20:44,514 [INFO] IPUIPlugin:80 - create IPUIPlugin
2025-02-27 14:20:44,514 [INFO] PluginManager:220 - loadIPPluginJar : add dma3
2025-02-27 14:20:44,515 [INFO] IPUIPlugin:80 - create IPUIPlugin
2025-02-27 14:20:44,515 [INFO] PluginManager:220 - loadIPPluginJar : add dfsdm
2025-02-27 14:20:44,516 [INFO] IPUIPlugin:80 - create IPUIPlugin
2025-02-27 14:20:44,516 [INFO] PluginManager:220 - loadIPPluginJar : add spi
2025-02-27 14:20:44,518 [INFO] IPUIPlugin:80 - create IPUIPlugin
2025-02-27 14:20:44,518 [INFO] PluginManager:220 - loadIPPluginJar : add gfxmmu
2025-02-27 14:20:44,519 [INFO] IPUIPlugin:80 - create IPUIPlugin
2025-02-27 14:20:44,520 [INFO] PluginManager:220 - loadIPPluginJar : add genericplugin
2025-02-27 14:20:44,521 [INFO] IPUIPlugin:80 - create IPUIPlugin
2025-02-27 14:20:44,522 [INFO] PluginManager:220 - loadIPPluginJar : add cryp
2025-02-27 14:20:44,524 [INFO] IPUIPlugin:80 - create IPUIPlugin
2025-02-27 14:20:44,525 [INFO] PluginManager:220 - loadIPPluginJar : add gpio
2025-02-27 14:20:44,528 [INFO] IPUIPlugin:80 - create IPUIPlugin
2025-02-27 14:20:44,528 [INFO] PluginManager:220 - loadIPPluginJar : add ddr_ctrl_phy
2025-02-27 14:20:44,530 [INFO] IPUIPlugin:80 - create IPUIPlugin
2025-02-27 14:20:44,530 [INFO] PluginManager:220 - loadIPPluginJar : add comp
2025-02-27 14:20:44,532 [INFO] IPUIPlugin:80 - create IPUIPlugin
2025-02-27 14:20:44,533 [INFO] PluginManager:220 - loadIPPluginJar : add tracer_emb
2025-02-27 14:20:44,535 [INFO] IPUIPlugin:80 - create IPUIPlugin
2025-02-27 14:20:44,535 [INFO] PluginManager:220 - loadIPPluginJar : add openamp
2025-02-27 14:20:44,538 [INFO] IPUIPlugin:80 - create IPUIPlugin
2025-02-27 14:20:44,538 [INFO] PluginManager:220 - loadIPPluginJar : add stm32_wpan
2025-02-27 14:20:44,543 [INFO] IPUIPlugin:80 - create IPUIPlugin
2025-02-27 14:20:44,547 [INFO] PluginManager:220 - loadIPPluginJar : add plateformsettings
2025-02-27 14:20:44,549 [INFO] IPUIPlugin:80 - create IPUIPlugin
2025-02-27 14:20:44,550 [INFO] PluginManager:220 - loadIPPluginJar : add ipddr
2025-02-27 14:20:44,552 [INFO] IPUIPlugin:80 - create IPUIPlugin
2025-02-27 14:20:44,552 [INFO] PluginManager:220 - loadIPPluginJar : add usart
2025-02-27 14:20:44,553 [INFO] IPUIPlugin:80 - create IPUIPlugin
2025-02-27 14:20:44,553 [INFO] PluginManager:220 - loadIPPluginJar : add ltdc
2025-02-27 14:20:44,555 [INFO] IPUIPlugin:80 - create IPUIPlugin
2025-02-27 14:20:44,555 [INFO] PluginManager:220 - loadIPPluginJar : add nvic
2025-02-27 14:20:44,556 [INFO] IPUIPlugin:80 - create IPUIPlugin
2025-02-27 14:20:44,556 [INFO] PluginManager:220 - loadIPPluginJar : add fatfs
2025-02-27 14:20:44,562 [INFO] IPUIPlugin:80 - create IPUIPlugin
2025-02-27 14:20:44,563 [INFO] PluginManager:220 - loadIPPluginJar : add linkedlist
2025-02-27 14:20:44,567 [INFO] IPUIPlugin:80 - create IPUIPlugin
2025-02-27 14:20:44,567 [INFO] PluginManager:220 - loadIPPluginJar : add dma
2025-02-27 14:20:44,570 [INFO] IPUIPlugin:80 - create IPUIPlugin
2025-02-27 14:20:44,570 [INFO] PluginManager:220 - loadIPPluginJar : add fmc
2025-02-27 14:20:44,572 [INFO] IPUIPlugin:80 - create IPUIPlugin
2025-02-27 14:20:44,572 [INFO] PluginManager:220 - loadIPPluginJar : add i2s
2025-02-27 14:20:44,573 [INFO] IPUIPlugin:80 - create IPUIPlugin
2025-02-27 14:20:44,574 [INFO] PluginManager:220 - loadIPPluginJar : add ucpd
2025-02-27 14:20:44,577 [INFO] IPUIPlugin:80 - create IPUIPlugin
2025-02-27 14:20:44,578 [INFO] PluginManager:220 - loadIPPluginJar : add lorawan
2025-02-27 14:20:44,580 [INFO] IPUIPlugin:80 - create IPUIPlugin
2025-02-27 14:20:44,580 [INFO] PluginManager:220 - loadIPPluginJar : add opamp
2025-02-27 14:20:44,581 [INFO] IPUIPlugin:80 - create IPUIPlugin
2025-02-27 14:20:44,581 [INFO] PluginManager:220 - loadIPPluginJar : add i3c
2025-02-27 14:20:44,583 [INFO] IPUIPlugin:80 - create IPUIPlugin
2025-02-27 14:20:44,583 [INFO] PluginManager:220 - loadIPPluginJar : add touchsensing
2025-02-27 14:20:44,585 [INFO] IPUIPlugin:80 - create IPUIPlugin
2025-02-27 14:20:44,585 [INFO] PluginManager:220 - loadIPPluginJar : add i2c
2025-02-27 14:20:44,587 [INFO] IPUIPlugin:80 - create IPUIPlugin
2025-02-27 14:20:44,587 [INFO] PluginManager:220 - loadIPPluginJar : add resmgrutility
2025-02-27 14:20:44,589 [INFO] IPUIPlugin:80 - create IPUIPlugin
2025-02-27 14:20:44,589 [INFO] PluginManager:220 - loadIPPluginJar : add sai
2025-02-27 14:20:44,590 [INFO] IPUIPlugin:80 - create IPUIPlugin
2025-02-27 14:20:44,590 [INFO] PluginManager:220 - loadIPPluginJar : add usbx
2025-02-27 14:20:44,743 [FATAL] Updater:351 - Updater called before beeing initialized
2025-02-27 14:20:44,803 [INFO] RulesReader:64 - Compatibility file has been processed (297 Rules)
2025-02-27 14:20:44,819 [INFO] RulesReader:64 - Compatibility file has been processed (297 Rules)
2025-02-27 14:20:44,833 [INFO] CADModel:165 - CPN selected for project level
2025-02-27 14:20:44,833 [INFO] CADModel:114 - Register for checkConnection events
2025-02-27 14:20:44,833 [FATAL] Updater:351 - Updater called before beeing initialized
2025-02-27 14:20:44,833 [ERROR] CADModel:125 - Updater not yet initialized, retry later 
2025-02-27 14:20:45,052 [FATAL] Updater:351 - Updater called before beeing initialized
2025-02-27 14:20:45,055 [INFO] CADModel:165 - CPN selected for project level
2025-02-27 14:20:45,055 [INFO] CADModel:114 - Register for checkConnection events
2025-02-27 14:20:45,055 [FATAL] Updater:351 - Updater called before beeing initialized
2025-02-27 14:20:45,055 [ERROR] CADModel:125 - Updater not yet initialized, retry later 
2025-02-27 14:20:45,058 [FATAL] Updater:351 - Updater called before beeing initialized
2025-02-27 14:20:45,193 [FATAL] Updater:351 - Updater called before beeing initialized
2025-02-27 14:20:45,198 [INFO] DbMcusAds:53 - JSON generation date=Tue Dec 17 08:01:15 PST 2024 (1734451275189)
2025-02-27 14:20:45,198 [FATAL] Updater:351 - Updater called before beeing initialized
2025-02-27 14:20:45,759 [WARN] DetailPanel:346 - Failed to get advertising image, set to default
2025-02-27 14:20:45,966 [FATAL] Updater:351 - Updater called before beeing initialized
2025-02-27 14:20:45,968 [FATAL] Updater:351 - Updater called before beeing initialized
2025-02-27 14:20:45,968 [FATAL] Updater:351 - Updater called before beeing initialized
2025-02-27 14:20:45,968 [WARN] DetailPanel:346 - Failed to get advertising image, set to default
2025-02-27 14:20:45,970 [FATAL] Updater:351 - Updater called before beeing initialized
2025-02-27 14:20:46,046 [ERROR] Updater:1198 - MainUpdater not yet initialized. External WinMGr cannot be set.
2025-02-27 14:20:46,057 [INFO] Updater:1134 - Updater Version found : 6.13.0
2025-02-27 14:20:46,073 [INFO] ApplicationProperties:184 - Using Application install path: /Applications/STM32CubeIDE.app/Contents/Eclipse/plugins/com.st.stm32cube.common.mx_6.13.0.202411220809
2025-02-27 14:20:46,444 [INFO] MainUpdater:2872 - connection check result : 10
2025-02-27 14:20:46,445 [INFO] MainUpdater:289 - Updater Check For Update Now.
2025-02-27 14:20:46,445 [INFO] MicroXplorer:498 - Change Database Version : DB.6.0.130
2025-02-27 14:20:46,450 [INFO] McuFinderGlobals:63 - Set McuFinder mode to 2 (CubeIDE integrated)
2025-02-27 14:20:46,451 [INFO] UserAuth:171 - activating auth plugin
2025-02-27 14:20:46,465 [INFO] UserAuth:486 - Internet connection configuration mode: 1
2025-02-27 14:20:46,480 [INFO] JxBrowserEngine:152 - Initiate JxBrowser Engine with user profile folder
2025-02-27 14:20:46,695 [INFO] CheckServerUpdateThread:120 - End of CheckServer Thread
2025-02-27 14:20:47,033 [WARN] PackLoader:240 - Cannot read IP mode file for STMicroelectronics.FP-SNS-MOTENVWB1.1.4.0
2025-02-27 14:20:47,058 [WARN] PackLoader:240 - Cannot read IP mode file for STMicroelectronics.FP-ATR-ASTRA1.2.0.2
2025-02-27 14:20:47,068 [WARN] PackLoader:240 - Cannot read IP mode file for STMicroelectronics.FP-ATR-ASTRA1.2.0.1
2025-02-27 14:20:47,082 [WARN] PackLoader:240 - Cannot read IP mode file for STMicroelectronics.X-CUBE-SMBUS.2.1.0
2025-02-27 14:20:47,092 [WARN] PackLoader:240 - Cannot read IP mode file for STMicroelectronics.X-CUBE-WB05N.1.1.0
2025-02-27 14:20:47,132 [WARN] PackLoader:240 - Cannot read IP mode file for STMicroelectronics.X-CUBE-AZRTOS-F7.1.1.0
2025-02-27 14:20:47,159 [WARN] PackLoader:240 - Cannot read IP mode file for STMicroelectronics.FP-SNS-FLIGHT1.5.0.2
2025-02-27 14:20:47,237 [WARN] PackLoader:240 - Cannot read IP mode file for Infineon.AIROC-Wi-Fi-Bluetooth-STM32.1.7.0
2025-02-27 14:20:47,271 [WARN] PackLoader:240 - Cannot read IP mode file for STMicroelectronics.X-CUBE-DISPLAY.3.0.0
2025-02-27 14:20:47,298 [WARN] PackLoader:240 - Cannot read IP mode file for STMicroelectronics.X-CUBE-BLE1.7.0.0
2025-02-27 14:20:47,489 [WARN] PackLoader:240 - Cannot read IP mode file for STMicroelectronics.X-CUBE-NFC10.1.0.0
2025-02-27 14:20:47,670 [WARN] PackLoader:240 - Cannot read IP mode file for STMicroelectronics.X-CUBE-BLEMGR.4.0.0
2025-02-27 14:20:47,713 [WARN] PackLoader:240 - Cannot read IP mode file for emotas.I-CUBE-CANOPEN.1.3.0
2025-02-27 14:20:47,729 [WARN] PackLoader:240 - Cannot read IP mode file for STMicroelectronics.X-CUBE-AI.10.0.0
2025-02-27 14:20:47,742 [WARN] PackLoader:240 - Cannot read IP mode file for STMicroelectronics.FP-SNS-SMARTAG2.1.2.0
2025-02-27 14:20:47,844 [WARN] PackLoader:240 - Cannot read IP mode file for STMicroelectronics.X-CUBE-MEMS1.11.1.0
2025-02-27 14:20:47,988 [INFO] LogOutputStream:77 - [STDOUT_REDIRECT] 1 : Invalid condition id : UX_CORESTACK_Condition cause : null
2025-02-27 14:20:47,995 [INFO] LogOutputStream:77 - [STDOUT_REDIRECT] 1 : Invalid condition id : UX_CORESTACK_Condition cause : null
2025-02-27 14:20:47,995 [INFO] LogOutputStream:77 - [STDOUT_REDIRECT] 1 : Invalid condition id : UX_CORESTACK_Condition cause : null
2025-02-27 14:20:47,995 [INFO] LogOutputStream:77 - [STDOUT_REDIRECT] 1 : Invalid condition id : UX_CORESTACK_Condition cause : null
2025-02-27 14:20:47,995 [INFO] LogOutputStream:77 - [STDOUT_REDIRECT] 1 : Invalid condition id : UX_CORESTACK_Condition cause : null
2025-02-27 14:20:48,002 [WARN] PackLoader:240 - Cannot read IP mode file for STMicroelectronics.X-CUBE-AZRTOS-WL.2.0.0
2025-02-27 14:20:48,016 [WARN] PackLoader:240 - Cannot read IP mode file for STMicroelectronics.FP-SNS-MOTENV1.5.0.0
2025-02-27 14:20:48,021 [WARN] PackLoader:240 - Cannot read IP mode file for wolfSSL.I-CUBE-wolfMQTT.1.19.0
2025-02-27 14:20:48,043 [WARN] PackLoader:240 - Cannot read IP mode file for WES.I-CUBE-Cesium.1.3.0
2025-02-27 14:20:48,054 [WARN] PackLoader:240 - Cannot read IP mode file for STMicroelectronics.X-CUBE-BLE2.3.3.0
2025-02-27 14:20:48,065 [WARN] PackLoader:240 - Cannot read IP mode file for STMicroelectronics.X-CUBE-NFC9.1.0.0
2025-02-27 14:20:48,091 [WARN] PackLoader:240 - Cannot read IP mode file for STMicroelectronics.X-CUBE-AZRTOS-G0.1.1.0
2025-02-27 14:20:48,101 [WARN] PackLoader:240 - Cannot read IP mode file for STMicroelectronics.X-CUBE-SAFEA1.1.2.2
2025-02-27 14:20:48,112 [WARN] PackLoader:240 - Cannot read IP mode file for STMicroelectronics.X-CUBE-NFC4.3.0.0
2025-02-27 14:20:48,124 [WARN] PackLoader:240 - Cannot read IP mode file for EmbeddedOffice.I-CUBE-FS-RTOS.1.0.1
2025-02-27 14:20:48,132 [WARN] PackLoader:240 - Cannot read IP mode file for STMicroelectronics.X-CUBE-TCPP.4.2.0
2025-02-27 14:20:48,143 [WARN] PackLoader:240 - Cannot read IP mode file for RealThread.X-CUBE-RT-Thread_Nano.4.1.1
2025-02-27 14:20:48,148 [WARN] PackLoader:240 - Cannot read IP mode file for STMicroelectronics.FP-ATR-SIGFOX1.3.2.0
2025-02-27 14:20:48,153 [WARN] ConditionMgr:438 - getConditionDescription Invalid condition id : Cortex-A Device cause : null
2025-02-27 14:20:48,220 [WARN] ConditionMgr:1044 - genDependencies : Invalid condition id : Cortex-A Device cause : null
2025-02-27 14:20:48,221 [WARN] ConditionMgr:1044 - genDependencies : Invalid condition id : Cortex-A Device cause : null
2025-02-27 14:20:48,221 [WARN] ConditionMgr:1044 - genDependencies : Invalid condition id : Cortex-A Device cause : null
2025-02-27 14:20:48,233 [WARN] PackLoader:240 - Cannot read IP mode file for STMicroelectronics.X-CUBE-EEPRMA1.5.1.0
2025-02-27 14:20:48,239 [WARN] PackLoader:240 - Cannot read IP mode file for wolfSSL.I-CUBE-wolfSSL.5.7.4
2025-02-27 14:20:48,246 [WARN] PackLoader:240 - Cannot read IP mode file for ITTIA_DB.I-CUBE-ITTIADB.8.9.0
2025-02-27 14:20:48,315 [WARN] PackLoader:240 - Cannot read IP mode file for SEGGER.I-CUBE-embOS.1.3.1
2025-02-27 14:20:48,363 [WARN] PackLoader:240 - Cannot read IP mode file for STMicroelectronics.X-CUBE-ALGOBUILD.1.4.0
2025-02-27 14:20:48,367 [WARN] PackLoader:240 - Cannot read IP mode file for STMicroelectronics.X-CUBE-AI.9.1.0
2025-02-27 14:20:48,387 [WARN] PackLoader:240 - Cannot read IP mode file for STMicroelectronics.X-CUBE-AZRTOS-F4.1.1.0
2025-02-27 14:20:48,397 [WARN] PackLoader:240 - Cannot read IP mode file for STMicroelectronics.X-CUBE-ISPU.2.1.0
2025-02-27 14:20:48,417 [WARN] PackLoader:240 - Cannot read IP mode file for STMicroelectronics.X-CUBE-AZRTOS-L5.2.0.0
2025-02-27 14:20:48,473 [WARN] PackLoader:240 - Cannot read IP mode file for STMicroelectronics.X-CUBE-NFC6.3.1.0
2025-02-27 14:20:48,487 [WARN] PackLoader:240 - Cannot read IP mode file for STMicroelectronics.X-CUBE-DPower.1.2.0
2025-02-27 14:20:48,497 [WARN] PackLoader:240 - Cannot read IP mode file for STMicroelectronics.X-CUBE-FREERTOS.1.3.0
2025-02-27 14:20:48,505 [WARN] PackLoader:240 - Cannot read IP mode file for STMicroelectronics.X-CUBE-NFC7.1.0.1
2025-02-27 14:20:48,530 [WARN] ConditionMgr:438 - getConditionDescription Invalid condition id : LAN8742 Phy interface Condition cause : null
2025-02-27 14:20:48,531 [WARN] PackLoader:240 - Cannot read IP mode file for STMicroelectronics.X-CUBE-AZRTOS-L4.2.0.0
2025-02-27 14:20:48,537 [WARN] ConditionMgr:1044 - genDependencies : Invalid condition id : LAN8742 Phy interface Condition cause : null
2025-02-27 14:20:48,538 [WARN] ConditionMgr:1044 - genDependencies : Invalid condition id : LAN8742 Phy interface Condition cause : null
2025-02-27 14:20:48,540 [WARN] ConditionMgr:1044 - genDependencies : Invalid condition id : LAN8742 Phy interface Condition cause : null
2025-02-27 14:20:48,552 [WARN] PackLoader:240 - Cannot read IP mode file for STMicroelectronics.X-CUBE-SFXS2LP1.4.0.0
2025-02-27 14:20:48,583 [WARN] PackLoader:240 - Cannot read IP mode file for STMicroelectronics.X-CUBE-AZRTOS-H7.3.3.0
2025-02-27 14:20:48,611 [WARN] ConditionMgr:438 - getConditionDescription Invalid condition id : UX DEVICE CLASS RTOS Condition cause : null
2025-02-27 14:20:48,611 [WARN] ConditionMgr:438 - getConditionDescription Invalid condition id : UX DEVICE CLASS RTOS Condition cause : null
2025-02-27 14:20:48,616 [WARN] PackLoader:240 - Cannot read IP mode file for STMicroelectronics.X-CUBE-AZRTOS-WB.2.0.0
2025-02-27 14:20:48,617 [WARN] ConditionMgr:1044 - genDependencies : Invalid condition id : UX DEVICE CLASS RTOS Condition cause : null
2025-02-27 14:20:48,617 [WARN] ConditionMgr:1044 - genDependencies : Invalid condition id : UX DEVICE CLASS RTOS Condition cause : null
2025-02-27 14:20:48,618 [WARN] ConditionMgr:1044 - genDependencies : Invalid condition id : UX DEVICE CLASS RTOS Condition cause : null
2025-02-27 14:20:48,619 [WARN] ConditionMgr:1044 - genDependencies : Invalid condition id : UX DEVICE CLASS RTOS Condition cause : null
2025-02-27 14:20:48,619 [WARN] ConditionMgr:1044 - genDependencies : Invalid condition id : UX DEVICE CLASS RTOS Condition cause : null
2025-02-27 14:20:48,630 [WARN] PackLoader:240 - Cannot read IP mode file for STMicroelectronics.X-CUBE-GNSS1.7.0.1
2025-02-27 14:20:48,644 [WARN] PackLoader:240 - Cannot read IP mode file for STMicroelectronics.FP-SNS-STBOX1.2.0.0
2025-02-27 14:20:49,094 [WARN] PackLoader:240 - Cannot read IP mode file for STMicroelectronics.X-CUBE-SUBG2.5.0.0
2025-02-27 14:20:49,146 [WARN] PackLoader:240 - Cannot read IP mode file for Cesanta.I-CUBE-Mongoose.7.13.0
2025-02-27 14:20:49,170 [WARN] PackLoader:240 - Cannot read IP mode file for STMicroelectronics.X-CUBE-AZRTOS-G4.2.0.0
2025-02-27 14:20:49,186 [WARN] PackLoader:240 - Cannot read IP mode file for STMicroelectronics.X-CUBE-IPS.3.1.0
2025-02-27 14:20:49,197 [WARN] PackLoader:240 - Cannot read IP mode file for STMicroelectronics.X-CUBE-ALS.1.0.2
2025-02-27 14:20:49,227 [WARN] PackLoader:240 - Cannot read IP mode file for STMicroelectronics.X-CUBE-TOUCHGFX.4.24.2
2025-02-27 14:20:49,233 [WARN] PackLoader:240 - Cannot read IP mode file for wolfSSL.I-CUBE-wolfTPM.3.4.0
2025-02-27 14:20:49,242 [WARN] PackLoader:240 - Cannot read IP mode file for portGmbH.I-Cube-SoM-uGOAL.1.1.0
2025-02-27 14:20:49,265 [WARN] PackLoader:240 - Cannot read IP mode file for STMicroelectronics.X-CUBE-AZRTOS-H7RS.1.0.0
2025-02-27 14:20:49,283 [WARN] PackLoader:240 - Cannot read IP mode file for STMicroelectronics.X-CUBE-TOF1.3.4.2
2025-02-27 14:20:49,292 [WARN] PackLoader:240 - Cannot read IP mode file for wolfSSL.I-CUBE-wolfSSH.1.4.17
2025-02-27 14:20:49,314 [INFO] ThirdParty:978 - Integrity check success = true
2025-02-27 14:20:49,315 [INFO] IntegrityCheckThread:100 - exiting critical section [integrity check]
2025-02-27 14:20:49,315 [INFO] IntegrityCheckThread:103 - End integrity checks thread
2025-02-27 14:20:55,446 [INFO] WebApp:168 - Instantiating new browser for Auth
2025-02-27 14:20:57,765 [INFO] WebApp:449 - Apply proxy settings
2025-02-27 14:20:57,780 [INFO] WebApp:494 - Chromium authenticates against Manually configured proxy
2025-02-27 14:20:57,807 [INFO] WebApp:502 - Username used for proxy authentication: 
2025-02-27 14:20:57,885 [INFO] WebApp:880 - Register for checkConnection events
2025-02-27 14:20:57,886 [INFO] WebApp:449 - Apply proxy settings
2025-02-27 14:20:57,890 [INFO] WebApp:494 - Chromium authenticates against Manually configured proxy
2025-02-27 14:20:57,891 [INFO] WebApp:502 - Username used for proxy authentication: 
2025-02-27 14:20:58,159 [INFO] WebApp:221 - Starting web application
2025-02-27 14:20:58,160 [INFO] WebApp:579 - Web application path used /Applications/STM32CubeIDE.app/Contents/Eclipse/plugins/com.st.stm32cube.common.mx_6.13.0.202411220809/db/plugins/mcufinder/reactClient1/index.html
2025-02-27 14:20:58,667 [INFO] WebApp:187 - Connection restablished
2025-02-27 14:21:06,809 [ERROR] LogOutputStream:75 - [STDERR_REDIRECT] 
